.
├── README.md
├── SUMMARY.md
├── notebook
│   ├── img
│   │   └── example_ui.png
│   ├── notebook.md
│   └── user_interface.md
├── sdk
│   ├── README.md
│   ├── blockchain
│   │   ├── README.md
│   │   ├── blockchain.md
│   │   ├── img
│   │   │   └── smartcontract_it.png
│   │   └── sdk_blockchain.md
│   ├── code
│   │   ├── README.md
│   │   └── sdk_code.md
│   ├── sdk.md
│   ├── sdk_introduction.md
│   └── tab_explanation
│    ├── README.md
│    ├── alerts.md
│    ├── codeserver.md
│    ├── dashboard.md
│    ├── farm_management.md
│    ├── img
│    │   ├── SDK_admin_panel.png
│    │   ├── SDK_examples.png
│    │   ├── SDK_login.png
│    │   ├── alerts.png
│    │   ├── codeserver.png
│    │   ├── dashboard.png
│    │   ├── farm_management.png
│    │   ├── jobs.png
│    │   ├── jupyter.png
│    │   ├── logs.png
│    │   ├── minio-chat.png
│    │   ├── packages.png
│    │   ├── settings.png
│    │   ├── solutions.png
│    │   ├── ubuntu-chat.png
│    │   ├── wikis.png
│    │   └── workers.png
│    ├── jupyter.md
│    ├── logs.md
│    ├── my_jobs.md
│    ├── packages.md
│    ├── sdk_examples.md
│    ├── settings.md
│    ├── solutions.md
│    └── wikis.md
├── simulator
│   ├── img
│   │   ├── rendering.png
│   │   ├── simulation1.png
│   │   ├── simulation10.png
│   │   ├── simulation2.png
│   │   ├── simulation3.png
│   │   ├── simulation4.png
│   │   ├── simulation5.png
│   │   ├── simulator_intro.png
│   │   ├── simulator_start_page.png
│   │   ├── tft_simulator.png
│   │   └── voila_button.png
│   ├── simulator.md
│   └── Threefold_simulator.md
├── test
│   └── grid.md
├── tips_tricks
│   ├── markdown.md
│   ├── mdbook.md
│   └── tutorials
│    ├── README.md
│    ├── _sidebar.md
│    ├── images
│    │   └── tutorials.png
│    ├── jumpscale_SDK
│    │   ├── SDK_getting_started.md
│    │   ├── sdk_examples.md
│    │   └── ubuntu-chat.md
│    └── use_cases
│     ├── compute-Flist.md
│     ├── compute.md
│     ├── examples
│     │   ├── README.md
│     │   ├── jupyter
│     │   │   ├── README.md
│     │   │   ├── Flist
│     │   │   │   ├── Flist.ipynb
│     │   │   │   └── Flist.md
│     │   │   ├── kubernetes_cluster
│     │   │   │   ├── kubernetes_cluster.ipynb
│     │   │   │   └── kubernetes_cluster.md
│     │   │   ├── network
│     │   │   │   ├── overlay_network.ipynb
│     │   │   │   └── overlay_network.md
│     │   │   └── s3_server
│     │   │    ├── s3_storage.ipynb
│     │   │    └── s3_storage.md
│     │   └── python
│     │    ├── Flist.md
│     │    ├── kubernetes_cluster.md
│     │    ├── overlay_network.md
│     │    └── s3_storage.md
│     ├── generic-Flist.md
│     ├── images
│     │   ├── Chatflow_Ubuntu1.png
│     │   ├── Chatflow_Ubuntu10.png
│     │   ├── Chatflow_Ubuntu11.png
│     │   ├── Chatflow_Ubuntu12.png
│     │   ├── Chatflow_Ubuntu13.png
│     │   ├── Chatflow_Ubuntu14.png
│     │   ├── Chatflow_Ubuntu15.png
│     │   ├── Chatflow_Ubuntu16.png
│     │   ├── Chatflow_Ubuntu2.png
│     │   ├── Chatflow_Ubuntu3.png
│     │   ├── Chatflow_Ubuntu4.png
│     │   ├── Chatflow_Ubuntu5.png
│     │   ├── Chatflow_Ubuntu6.png
│     │   ├── Chatflow_Ubuntu7.png
│     │   ├── Chatflow_Ubuntu8.png
│     │   ├── Chatflow_Ubuntu9.png
│     │   ├── Chatflow_Flist0.png
│     │   ├── Chatflow_Flist1.png
│     │   ├── Chatflow_Flist10.png
│     │   ├── Chatflow_Flist11.png
│     │   ├── Chatflow_Flist12.png
│     │   ├── Chatflow_Flist13.png
│     │   ├── Chatflow_Flist14.png
│     │   ├── Chatflow_Flist15.png
│     │   ├── Chatflow_Flist16.png
│     │   ├── Chatflow_Flist17.png
│     │   ├── Chatflow_Flist18.png
│     │   ├── Chatflow_Flist19.png
│     │   ├── Chatflow_Flist2.png
│     │   ├── Chatflow_Flist3.png
│     │   ├── Chatflow_Flist4.png
│     │   ├── Chatflow_Flist5.png
│     │   ├── Chatflow_Flist6.png
│     │   ├── Chatflow_Flist7.png
│     │   ├── Chatflow_Flist8.png
│     │   ├── Generic_Flist1.png
│     │   ├── Kubernetes_chatflow1.png
│     │   ├── Kubernetes_chatflow2.png
│     │   ├── Kubernetes_chatflow3.png
│     │   ├── Minio_chatflow1.png
│     │   ├── Minio_chatflow10.png
│     │   ├── Minio_chatflow11.png
│     │   ├── Minio_chatflow13.png
│     │   ├── Minio_chatflow14.png
│     │   ├── Minio_chatflow15.png
│     │   ├── Minio_chatflow16.png
│     │   ├── Minio_chatflow17.png
│     │   ├── Minio_chatflow18.png
│     │   ├── Minio_chatflow19.png
│     │   ├── Minio_chatflow2.png
│     │   ├── Minio_chatflow20.png
│     │   ├── Minio_chatflow21.png
│     │   ├── Minio_chatflow22.png
│     │   ├── Minio_chatflow23.png
│     │   ├── Minio_chatflow3.png
│     │   ├── Minio_chatflow4.png
│     │   ├── Minio_chatflow5.png
│     │   ├── Minio_chatflow6.png
│     │   ├── Minio_chatflow7.png
│     │   ├── Minio_chatflow8.png
│     │   ├── generic_Flist0.png
│     │   ├── kubernetes_chatflow10.png
│     │   ├── kubernetes_chatflow11.png
│     │   ├── kubernetes_chatflow12.png
│     │   ├── kubernetes_chatflow13.png
│     │   ├── kubernetes_chatflow14.png
│     │   ├── kubernetes_chatflow15.png
│     │   ├── kubernetes_chatflow4.png
│     │   ├── kubernetes_chatflow6.png
│     │   ├── kubernetes_chatflow7.png
│     │   ├── kubernetes_chatflow8.png
│     │   └── kubernetes_chatflow9.png
│     ├── network.md
│     └── storage.md
├── tree.out
└── usecases
 ├── README.md
 ├── compute
 │   ├── compute.md
 │   ├── Flist.md
 │   └── kubernetes_cluster.md
 ├── generic_usecases.md
 ├── jupyter
 │   ├── Flist
 │   │   └── Flist.ipynb
 │   ├── kubernetes_cluster
 │   │   └── kubernetes_cluster.ipynb
 │   ├── network
 │   │   └── overlay_network.ipynb
 │   └── s3_server
 │    └── s3_storage.ipynb
 ├── network
 │   ├── network.md
 │   └── overlay_network.md
 ├── storage
 │   ├── s3_storage.md
 │   └── storage.md
 ├── usecases.md
 └── web
  └── web.md

47 directories, 303 files
